<?xml version="1.0" encoding="UTF-8"?>
<!-- Generated by org.testng.reporters.JUnitXMLReporter -->
<testsuite ignored="0" hostname="bhuvins-MacBook-Pro.local" failures="4" tests="5" name="Command line test" time="0.029" errors="0" timestamp="11 Nov 2019 23:52:54 GMT">
  <testcase classname="CharlyEducation.CharlyEducationAssignment.CharlyEducationTest" name="@BeforeMethod BasePageNavigation" time="0.0">
    <failure type="org.testng.TestNGException" message="
Parameter &amp;apos;url&amp;apos; is required by BeforeMethod on method BasePageNavigation but has not been marked @Optional or defined
">
      <![CDATA[org.testng.TestNGException: 
Parameter 'url' is required by BeforeMethod on method BasePageNavigation but has not been marked @Optional or defined

... Removed 33 stack frames]]>
    </failure>
  </testcase> <!-- @BeforeMethod BasePageNavigation -->
  <testcase classname="CharlyEducation.CharlyEducationAssignment.CharlyEducationTest" name="@AfterMethod Closewindows" time="0.0">
    <skipped/>
  </testcase> <!-- @AfterMethod Closewindows -->
  <testcase classname="CharlyEducation.CharlyEducationAssignment.CharlyEducationTest" name="Login_PasswordField_ShouldBeTypePassword" time="0.004">
    <skipped/>
  </testcase> <!-- Login_PasswordField_ShouldBeTypePassword -->
  <testcase classname="CharlyEducation.CharlyEducationAssignment.CharlyEducationTest" name="Login_RightAuthenticationDetails_ShouldLoginSuccessfully" time="0.0">
    <failure type="org.testng.TestNGException" message="
Parameter &amp;apos;userName&amp;apos; is required by @Test on method Login_RightAuthenticationDetails_ShouldLoginSuccessfully but has not been marked @Optional or defined
">
      <![CDATA[org.testng.TestNGException: 
Parameter 'userName' is required by @Test on method Login_RightAuthenticationDetails_ShouldLoginSuccessfully but has not been marked @Optional or defined

... Removed 32 stack frames]]>
    </failure>
  </testcase> <!-- Login_RightAuthenticationDetails_ShouldLoginSuccessfully -->
  <testcase classname="CharlyEducation.CharlyEducationAssignment.CharlyEducationTest" name="Login_SqlInjection_ShouldFailLogin" time="0.0">
    <failure type="org.testng.TestNGException" message="
Parameter &amp;apos;userName&amp;apos; is required by @Test on method Login_SqlInjection_ShouldFailLogin but has not been marked @Optional or defined
">
      <![CDATA[org.testng.TestNGException: 
Parameter 'userName' is required by @Test on method Login_SqlInjection_ShouldFailLogin but has not been marked @Optional or defined

... Removed 32 stack frames]]>
    </failure>
  </testcase> <!-- Login_SqlInjection_ShouldFailLogin -->
  <testcase classname="CharlyEducation.CharlyEducationAssignment.CharlyEducationTest" name="Login_WrongAuthenticationDetails_ShouldFailLogin" time="0.0">
    <failure type="org.testng.TestNGException" message="
Parameter &amp;apos;userName&amp;apos; is required by @Test on method Login_WrongAuthenticationDetails_ShouldFailLogin but has not been marked @Optional or defined
">
      <![CDATA[org.testng.TestNGException: 
Parameter 'userName' is required by @Test on method Login_WrongAuthenticationDetails_ShouldFailLogin but has not been marked @Optional or defined

... Removed 32 stack frames]]>
    </failure>
  </testcase> <!-- Login_WrongAuthenticationDetails_ShouldFailLogin -->
  <testcase classname="CharlyEducation.CharlyEducationAssignment.CharlyEducationTest" name="Register_RegistrationLink_IsClickable" time="0.0">
    <failure type="org.testng.TestNGException" message="
Parameter &amp;apos;HeadingMsg&amp;apos; is required by @Test on method Register_RegistrationLink_IsClickable but has not been marked @Optional or defined
">
      <![CDATA[org.testng.TestNGException: 
Parameter 'HeadingMsg' is required by @Test on method Register_RegistrationLink_IsClickable but has not been marked @Optional or defined

... Removed 32 stack frames]]>
    </failure>
  </testcase> <!-- Register_RegistrationLink_IsClickable -->
</testsuite> <!-- Command line test -->
